#
# A fatal error has been detected by the Java Runtime Environment:
#
#  EXCEPTION_ACCESS_VIOLATION (0xc0000005) at pc=0x0000000000000000, pid=12600, tid=10020
#
# JRE version: OpenJDK Runtime Environment Temurin-21.0.4+7 (21.0.4+7) (build 21.0.4+7-LTS)
# Java VM: OpenJDK 64-Bit Server VM Temurin-21.0.4+7 (21.0.4+7-LTS, mixed mode, sharing, tiered, compressed oops, compressed class ptrs, g1 gc, windows-amd64)
# Problematic frame:
# C  [jdwp.dll+0x161bf]
#
# No core dump will be written. Minidumps are not enabled by default on client versions of Windows
#
# If you would like to submit a bug report, please visit:
#   https://github.com/adoptium/adoptium-support/issues
# The crash happened outside the Java Virtual Machine in native code.
# See problematic frame for where to report the bug.
#

---------------  S U M M A R Y ------------

Command Line: -Ddebugger.agent.enable.coroutines=true -Dkotlinx.coroutines.debug.enable.creation.stack.trace=false -agentlib:jdwp=transport=dt_socket,server=n,suspend=y,address=127.0.0.1:55079 -javaagent:C:\Users\Windows\AppData\Local\JetBrains\IntelliJIdea2024.2\captureAgent\debugger-agent.jar -Dfile.encoding=UTF-8 -Duser.country=US -Duser.language=en -Duser.variant Main java.library.path=libs

Host: Intel(R) Core(TM) i7-9850H CPU @ 2.60GHz, 12 cores, 15G,  Windows 11 , 64 bit Build 22621 (10.0.22621.457)
Time: Mon Nov 25 17:48:19 2024 SE Asia Standard Time elapsed time: 3.389173 seconds (0d 0h 0m 3s)

---------------  T H R E A D  ---------------

Current thread (0x0000020281dd9680):  JavaThread "main"             [_thread_in_native, id=10020, stack(0x000000c903800000,0x000000c903900000) (1024K)]

Stack: [0x000000c903800000,0x000000c903900000],  sp=0x000000c9038fecc0,  free space=1019k
Native frames: (J=compiled Java code, j=interpreted, Vv=VM code, C=native code)

Java frames: (J=compiled Java code, j=interpreted, Vv=VM code)
j  org.lwjgl.opengl.GL11.glEnable(I)V+1
j  jade.Window.init()V+177
j  jade.Window.run()V+33
j  Main.main([Ljava/lang/String;)V+5
v  ~StubRoutines::call_stub 0x00000202919e100d

siginfo: EXCEPTION_ACCESS_VIOLATION (0xc0000005), data execution prevention violation at address 0x0000000000000000


Registers:
RAX=0x00000202e7673180, RBX=0x00000202a1613e80, RCX=0x0000020281dd9a38, RDX=0x00000202a1613e80
RSP=0x000000c9038fecb8, RBP=0x0000000000000002, RSI=0x000000c9038fed60, RDI=0x0000020281dd9a38
R8 =0x0000000000010002, R9 =0x0000000000000000, R10=0x00007ffa473c0000, R11=0x000000c9038fec88
R12=0x0000000000000007, R13=0x00000202a1613e80, R14=0x00007ffa18120300, R15=0x0000000000000000
RIP=0x0000000000000000, EFLAGS=0x0000000000010202


Register to memory mapping:

RAX=0x00000202e7673180 points into unknown readable memory: 0x0000000000000000 | 00 00 00 00 00 00 00 00
RBX=0x00000202a1613e80 points into unknown readable memory: 0x0000000713209c50 | 50 9c 20 13 07 00 00 00
RCX=0x0000020281dd9a38 points into unknown readable memory: 0x00000202e7673180 | 80 31 67 e7 02 02 00 00
RDX=0x00000202a1613e80 points into unknown readable memory: 0x0000000713209c50 | 50 9c 20 13 07 00 00 00
RSP=0x000000c9038fecb8 is pointing into the stack for thread: 0x0000020281dd9680
RBP=0x0000000000000002 is an unknown value
RSI=0x000000c9038fed60 is pointing into the stack for thread: 0x0000020281dd9680
RDI=0x0000020281dd9a38 points into unknown readable memory: 0x00000202e7673180 | 80 31 67 e7 02 02 00 00
R8 =0x0000000000010002 is an unknown value
R9 =0x0 is null
R10=0x00007ffa473c0000 VCRUNTIME140.dll
R11=0x000000c9038fec88 is pointing into the stack for thread: 0x0000020281dd9680
R12=0x0000000000000007 is an unknown value
R13=0x00000202a1613e80 points into unknown readable memory: 0x0000000713209c50 | 50 9c 20 13 07 00 00 00
R14=0x00007ffa18120300 jdwp.dll
R15=0x0 is null

Top of Stack: (sp=0x000000c9038fecb8)
0x000000c9038fecb8:   00007ffa181061bf 00000202a1613e80
0x000000c9038fecc8:   000000c9038fed60 0000000000000000
0x000000c9038fecd8:   0000000000000000 0000000200000007
0x000000c9038fece8:   000000c9038feea0 00000202ff9beaf0
0x000000c9038fecf8:   00007ffa181203a0 0000020281dd9c58
0x000000c9038fed08:   00007ffa1810283f 00000202a1613e80
0x000000c9038fed18:   0000000000000002 0000020281dd9a38
0x000000c9038fed28:   00000202a1613e88 000000c9038feea0
0x000000c9038fed38:   000000c9038fef20 00000202e7099e60
0x000000c9038fed48:   00000202a302ba00 0000000000000000
0x000000c9038fed58:   00007ff9f20f0eb0 0000000000000007
0x000000c9038fed68:   00000202a1613e80 0000000000000000
0x000000c9038fed78:   00000202a1613e88 0000000000000000
0x000000c9038fed88:   0000000000000000 0000000000000000
0x000000c9038fed98:   0000000000000000 0000000000000000
0x000000c9038feda8:   0000000000000000 0000000000000000
0x000000c9038fedb8:   0000020281dd9c58 00000202a302ba00
0x000000c9038fedc8:   00007ff9f1f48477 00000202a1613e88
0x000000c9038fedd8:   00000202a18de810 0000020281dd9680
0x000000c9038fede8:   00000000000003d8 0000831eb0afe874
0x000000c9038fedf8:   0000020281dd33f0 0000000000000000
0x000000c9038fee08:   00000202a302ba00 00000202e355f761
0x000000c9038fee18:   0000000000000000 000000c9038feee0
0x000000c9038fee28:   000000c9038fef20 00000202ffa21790
0x000000c9038fee38:   00000202ff9d2c00 00000202ff9d2c10
0x000000c9038fee48:   00000202ff9d2fe8 00000000000003d8
0x000000c9038fee58:   0000020281dd9680 0000020281dd9680
0x000000c9038fee68:   00000202ffa21550 0000020281dd9cf0
0x000000c9038fee78:   0000020281dd9d10 0000020281dd9dd8
0x000000c9038fee88:   00000000000000d8 000000c9038feea0
0x000000c9038fee98:   00007ff9f1c4b4bc 0000020281dd9680
0x000000c9038feea8:   00000202ffa21550 0000020281dd9cf0 

Instructions: (pc=0x00007ffa181061bf)
0x00007ffa181060bf:   2c 41 b8 61 02 00 00 48 8d 0d 83 6e 01 00 48 8b
0x00007ffa181060cf:   d3 e8 37 50 00 00 41 8b cc e8 37 a0 ff ff 48 8b
0x00007ffa181060df:   d0 48 8d 0d f9 a3 01 00 e8 c8 50 00 00 4c 8b 4e
0x00007ffa181060ef:   28 48 8d 0d 01 a4 01 00 4c 8b 46 20 48 8b 56 08
0x00007ffa181060ff:   e8 d4 0c 01 00 48 8b 05 f5 0f 02 00 f6 80 10 02
0x00007ffa1810610f:   00 00 02 74 28 41 b8 6a 02 00 00 48 8d 0d cf 62
0x00007ffa1810611f:   01 00 48 8b d3 e8 e3 4f 00 00 48 8d 15 b8 63 01
0x00007ffa1810612f:   00 48 8d 0d d1 62 01 00 e8 78 50 00 00 48 8b 07
0x00007ffa1810613f:   48 8b cf ff 50 78 48 8b 0d b4 0f 02 00 4c 8b f8
0x00007ffa1810614f:   f6 81 10 02 00 00 02 74 28 41 b8 6b 02 00 00 48
0x00007ffa1810615f:   8d 0d 8b 62 01 00 48 8b d3 e8 9f 4f 00 00 48 8d
0x00007ffa1810616f:   15 ac 63 01 00 48 8d 0d 8d 62 01 00 e8 34 50 00
0x00007ffa1810617f:   00 48 8b 07 48 8b cf ff 90 88 00 00 00 83 3d 29
0x00007ffa1810618f:   0b 02 00 00 76 0c e8 d6 5b ff ff 83 25 1b 0b 02
0x00007ffa1810619f:   00 00 48 8b 5e 08 48 85 db 74 4b 48 8b 05 4f 0f
0x00007ffa181061af:   02 00 80 78 13 00 74 0b 48 8b cb e8 7d 06 01 00
0x00007ffa181061bf:   88 46 10 4d 8b c7 48 8b d6 41 8a ce e8 a0 a0 00
0x00007ffa181061cf:   00 48 8b e8 48 85 c0 75 25 48 8b cb e8 7c 44 00
0x00007ffa181061df:   00 84 c0 0f 84 ea 00 00 00 48 8b d3 41 8a ce e8
0x00007ffa181061ef:   8d 13 00 00 eb e3 e8 ee 0d 00 00 48 8b e8 4c 8b
0x00007ffa181061ff:   cd 44 88 74 24 20 45 8b c4 48 8b d6 48 8b cf e8
0x00007ffa1810620f:   e1 00 00 00 83 3e 14 75 0b 48 8b 05 e1 0e 02 00
0x00007ffa1810621f:   c6 40 10 01 48 85 db 75 08 48 8b cd e8 14 53 ff
0x00007ffa1810622f:   ff 48 8b 05 c9 0e 02 00 4d 85 ff 74 43 f6 80 10
0x00007ffa1810623f:   02 00 00 02 74 2c 41 b8 b3 02 00 00 48 8d 15 4e
0x00007ffa1810624f:   a1 01 00 48 8d 0d 97 61 01 00 e8 ae 4e 00 00 48
0x00007ffa1810625f:   8d 15 9b 7c 01 00 48 8d 0d 9c 61 01 00 e8 43 4f
0x00007ffa1810626f:   00 00 48 8b 07 49 8b d7 48 8b cf ff 50 68 eb 41
0x00007ffa1810627f:   f6 80 10 02 00 00 02 74 2c 41 b8 b5 02 00 00 48
0x00007ffa1810628f:   8d 15 0b a1 01 00 48 8d 0d 54 61 01 00 e8 6b 4e
0x00007ffa1810629f:   00 00 48 8d 15 78 62 01 00 48 8d 0d 59 61 01 00
0x00007ffa181062af:   e8 00 4f 00 00 48 8b 07 48 8b cf ff 90 88 00 00 


Stack slot to memory mapping:

stack at sp + 0 slots: 0x00000202a1613e80 points into unknown readable memory: 0x0000000713209c50 | 50 9c 20 13 07 00 00 00
stack at sp + 1 slots: 0x000000c9038fed60 is pointing into the stack for thread: 0x0000020281dd9680
stack at sp + 2 slots: 0x0 is null
stack at sp + 3 slots: 0x0 is null
stack at sp + 4 slots: 0x0000000200000007 is an unknown value
stack at sp + 5 slots: 0x000000c9038feea0 is pointing into the stack for thread: 0x0000020281dd9680
stack at sp + 6 slots: 0x00000202ff9beaf0 points into unknown readable memory: 0x8000001200000001 | 01 00 00 00 12 00 00 80
stack at sp + 7 slots: 0x00007ffa181203a0 jdwp.dll


---------------  P R O C E S S  ---------------

Threads class SMR info:
_java_thread_list=0x00000202a19bb680, length=14, elements={
0x0000020281dd9680, 0x00000202a162ab90, 0x00000202a162b5f0, 0x00000202a1637c90,
0x00000202a1638b80, 0x00000202a16395e0, 0x00000202a163a170, 0x00000202a1641960,
0x00000202a1642660, 0x00000202a182f4c0, 0x00000202a192acb0, 0x00000202a1a47eb0,
0x00000202a1a48530, 0x00000202a19bade0
}

Java Threads: ( => current thread )
=>0x0000020281dd9680 JavaThread "main"                              [_thread_in_native, id=10020, stack(0x000000c903800000,0x000000c903900000) (1024K)]
  0x00000202a162ab90 JavaThread "Reference Handler"          daemon [_thread_blocked, id=1112, stack(0x000000c904000000,0x000000c904100000) (1024K)]
  0x00000202a162b5f0 JavaThread "Finalizer"                  daemon [_thread_blocked, id=1560, stack(0x000000c904100000,0x000000c904200000) (1024K)]
  0x00000202a1637c90 JavaThread "Signal Dispatcher"          daemon [_thread_blocked, id=6760, stack(0x000000c904200000,0x000000c904300000) (1024K)]
  0x00000202a1638b80 JavaThread "Attach Listener"            daemon [_thread_blocked, id=9328, stack(0x000000c904300000,0x000000c904400000) (1024K)]
  0x00000202a16395e0 JavaThread "Service Thread"             daemon [_thread_blocked, id=12688, stack(0x000000c904400000,0x000000c904500000) (1024K)]
  0x00000202a163a170 JavaThread "Monitor Deflation Thread"   daemon [_thread_blocked, id=3484, stack(0x000000c904500000,0x000000c904600000) (1024K)]
  0x00000202a1641960 JavaThread "C2 CompilerThread0"         daemon [_thread_in_native, id=6780, stack(0x000000c904600000,0x000000c904700000) (1024K)]
  0x00000202a1642660 JavaThread "C1 CompilerThread0"         daemon [_thread_blocked, id=11632, stack(0x000000c904700000,0x000000c904800000) (1024K)]
  0x00000202a182f4c0 JavaThread "Common-Cleaner"             daemon [_thread_blocked, id=5584, stack(0x000000c904800000,0x000000c904900000) (1024K)]
  0x00000202a192acb0 JavaThread "JDWP Transport Listener: dt_socket" daemon [_thread_blocked, id=8332, stack(0x000000c904900000,0x000000c904a00000) (1024K)]
  0x00000202a1a47eb0 JavaThread "JDWP Event Helper Thread"   daemon [_thread_blocked, id=6196, stack(0x000000c904a00000,0x000000c904b00000) (1024K)]
  0x00000202a1a48530 JavaThread "JDWP Command Reader"        daemon [_thread_in_native, id=8524, stack(0x000000c904b00000,0x000000c904c00000) (1024K)]
  0x00000202a19bade0 JavaThread "Notification Thread"        daemon [_thread_blocked, id=6064, stack(0x000000c904c00000,0x000000c904d00000) (1024K)]
Total: 14

Other Threads:
  0x00000202a160ef10 VMThread "VM Thread"                           [id=5320, stack(0x000000c903f00000,0x000000c904000000) (1024K)]
  0x00000202a15f7030 WatcherThread "VM Periodic Task Thread"        [id=6324, stack(0x000000c903e00000,0x000000c903f00000) (1024K)]
  0x0000020281e3fd00 WorkerThread "GC Thread#0"                     [id=7988, stack(0x000000c903900000,0x000000c903a00000) (1024K)]
  0x0000020281e52ca0 ConcurrentGCThread "G1 Main Marker"            [id=12684, stack(0x000000c903a00000,0x000000c903b00000) (1024K)]
  0x0000020281e53f40 WorkerThread "G1 Conc#0"                       [id=4532, stack(0x000000c903b00000,0x000000c903c00000) (1024K)]
  0x00000202a14c5230 ConcurrentGCThread "G1 Refine#0"               [id=3380, stack(0x000000c903c00000,0x000000c903d00000) (1024K)]
  0x00000202a14c7cb0 ConcurrentGCThread "G1 Service"                [id=11308, stack(0x000000c903d00000,0x000000c903e00000) (1024K)]
Total: 7

Threads with active compile tasks:
C2 CompilerThread0     3547  937       4       java.lang.invoke.MethodType::makeImpl (109 bytes)
Total: 1

VM state: not at safepoint (normal execution)

VM Mutex/Monitor currently owned by a thread: None

Heap address: 0x0000000703600000, size: 4042 MB, Compressed Oops mode: Zero based, Oop shift amount: 3

CDS archive(s) mapped at: [0x00000202a2000000-0x00000202a2c90000-0x00000202a2c90000), size 13172736, SharedBaseAddress: 0x00000202a2000000, ArchiveRelocationMode: 1.
Compressed class space mapped at: 0x00000202a3000000-0x00000202e3000000, reserved size: 1073741824
Narrow klass base: 0x00000202a2000000, Narrow klass shift: 0, Narrow klass range: 0x100000000

GC Precious Log:
 CardTable entry size: 512
 Card Set container configuration: InlinePtr #cards 4 size 8 Array Of Cards #cards 16 size 48 Howl #buckets 8 coarsen threshold 3686 Howl Bitmap #cards 512 size 80 coarsen threshold 460 Card regions per heap region 1 cards per card region 4096
 CPUs: 12 total, 12 available
 Memory: 16166M
 Large Page Support: Disabled
 NUMA Support: Disabled
 Compressed Oops: Enabled (Zero based)
 Heap Region Size: 2M
 Heap Min Capacity: 8M
 Heap Initial Capacity: 254M
 Heap Max Capacity: 4042M
 Pre-touch: Disabled
 Parallel Workers: 10
 Concurrent Workers: 3
 Concurrent Refinement Workers: 10
 Periodic GC: Disabled

Heap:
 garbage-first heap   total 260096K, used 18432K [0x0000000703600000, 0x0000000800000000)
  region size 2048K, 11 young (22528K), 0 survivors (0K)
 Metaspace       used 5447K, committed 5568K, reserved 1114112K
  class space    used 261K, committed 320K, reserved 1048576K

Heap Regions: E=young(eden), S=young(survivor), O=old, HS=humongous(starts), HC=humongous(continues), CS=collection set, F=free, TAMS=top-at-mark-start, PB=parsable bottom
|   0|0x0000000703600000, 0x0000000703600000, 0x0000000703800000|  0%| F|  |TAMS 0x0000000703600000| PB 0x0000000703600000| Untracked 
|   1|0x0000000703800000, 0x0000000703800000, 0x0000000703a00000|  0%| F|  |TAMS 0x0000000703800000| PB 0x0000000703800000| Untracked 
|   2|0x0000000703a00000, 0x0000000703a00000, 0x0000000703c00000|  0%| F|  |TAMS 0x0000000703a00000| PB 0x0000000703a00000| Untracked 
|   3|0x0000000703c00000, 0x0000000703c00000, 0x0000000703e00000|  0%| F|  |TAMS 0x0000000703c00000| PB 0x0000000703c00000| Untracked 
|   4|0x0000000703e00000, 0x0000000703e00000, 0x0000000704000000|  0%| F|  |TAMS 0x0000000703e00000| PB 0x0000000703e00000| Untracked 
|   5|0x0000000704000000, 0x0000000704000000, 0x0000000704200000|  0%| F|  |TAMS 0x0000000704000000| PB 0x0000000704000000| Untracked 
|   6|0x0000000704200000, 0x0000000704200000, 0x0000000704400000|  0%| F|  |TAMS 0x0000000704200000| PB 0x0000000704200000| Untracked 
|   7|0x0000000704400000, 0x0000000704400000, 0x0000000704600000|  0%| F|  |TAMS 0x0000000704400000| PB 0x0000000704400000| Untracked 
|   8|0x0000000704600000, 0x0000000704600000, 0x0000000704800000|  0%| F|  |TAMS 0x0000000704600000| PB 0x0000000704600000| Untracked 
|   9|0x0000000704800000, 0x0000000704800000, 0x0000000704a00000|  0%| F|  |TAMS 0x0000000704800000| PB 0x0000000704800000| Untracked 
|  10|0x0000000704a00000, 0x0000000704a00000, 0x0000000704c00000|  0%| F|  |TAMS 0x0000000704a00000| PB 0x0000000704a00000| Untracked 
|  11|0x0000000704c00000, 0x0000000704c00000, 0x0000000704e00000|  0%| F|  |TAMS 0x0000000704c00000| PB 0x0000000704c00000| Untracked 
|  12|0x0000000704e00000, 0x0000000704e00000, 0x0000000705000000|  0%| F|  |TAMS 0x0000000704e00000| PB 0x0000000704e00000| Untracked 
|  13|0x0000000705000000, 0x0000000705000000, 0x0000000705200000|  0%| F|  |TAMS 0x0000000705000000| PB 0x0000000705000000| Untracked 
|  14|0x0000000705200000, 0x0000000705200000, 0x0000000705400000|  0%| F|  |TAMS 0x0000000705200000| PB 0x0000000705200000| Untracked 
|  15|0x0000000705400000, 0x0000000705400000, 0x0000000705600000|  0%| F|  |TAMS 0x0000000705400000| PB 0x0000000705400000| Untracked 
|  16|0x0000000705600000, 0x0000000705600000, 0x0000000705800000|  0%| F|  |TAMS 0x0000000705600000| PB 0x0000000705600000| Untracked 
|  17|0x0000000705800000, 0x0000000705800000, 0x0000000705a00000|  0%| F|  |TAMS 0x0000000705800000| PB 0x0000000705800000| Untracked 
|  18|0x0000000705a00000, 0x0000000705a00000, 0x0000000705c00000|  0%| F|  |TAMS 0x0000000705a00000| PB 0x0000000705a00000| Untracked 
|  19|0x0000000705c00000, 0x0000000705c00000, 0x0000000705e00000|  0%| F|  |TAMS 0x0000000705c00000| PB 0x0000000705c00000| Untracked 
|  20|0x0000000705e00000, 0x0000000705e00000, 0x0000000706000000|  0%| F|  |TAMS 0x0000000705e00000| PB 0x0000000705e00000| Untracked 
|  21|0x0000000706000000, 0x0000000706000000, 0x0000000706200000|  0%| F|  |TAMS 0x0000000706000000| PB 0x0000000706000000| Untracked 
|  22|0x0000000706200000, 0x0000000706200000, 0x0000000706400000|  0%| F|  |TAMS 0x0000000706200000| PB 0x0000000706200000| Untracked 
|  23|0x0000000706400000, 0x0000000706400000, 0x0000000706600000|  0%| F|  |TAMS 0x0000000706400000| PB 0x0000000706400000| Untracked 
|  24|0x0000000706600000, 0x0000000706600000, 0x0000000706800000|  0%| F|  |TAMS 0x0000000706600000| PB 0x0000000706600000| Untracked 
|  25|0x0000000706800000, 0x0000000706800000, 0x0000000706a00000|  0%| F|  |TAMS 0x0000000706800000| PB 0x0000000706800000| Untracked 
|  26|0x0000000706a00000, 0x0000000706a00000, 0x0000000706c00000|  0%| F|  |TAMS 0x0000000706a00000| PB 0x0000000706a00000| Untracked 
|  27|0x0000000706c00000, 0x0000000706c00000, 0x0000000706e00000|  0%| F|  |TAMS 0x0000000706c00000| PB 0x0000000706c00000| Untracked 
|  28|0x0000000706e00000, 0x0000000706e00000, 0x0000000707000000|  0%| F|  |TAMS 0x0000000706e00000| PB 0x0000000706e00000| Untracked 
|  29|0x0000000707000000, 0x0000000707000000, 0x0000000707200000|  0%| F|  |TAMS 0x0000000707000000| PB 0x0000000707000000| Untracked 
|  30|0x0000000707200000, 0x0000000707200000, 0x0000000707400000|  0%| F|  |TAMS 0x0000000707200000| PB 0x0000000707200000| Untracked 
|  31|0x0000000707400000, 0x0000000707400000, 0x0000000707600000|  0%| F|  |TAMS 0x0000000707400000| PB 0x0000000707400000| Untracked 
|  32|0x0000000707600000, 0x0000000707600000, 0x0000000707800000|  0%| F|  |TAMS 0x0000000707600000| PB 0x0000000707600000| Untracked 
|  33|0x0000000707800000, 0x0000000707800000, 0x0000000707a00000|  0%| F|  |TAMS 0x0000000707800000| PB 0x0000000707800000| Untracked 
|  34|0x0000000707a00000, 0x0000000707a00000, 0x0000000707c00000|  0%| F|  |TAMS 0x0000000707a00000| PB 0x0000000707a00000| Untracked 
|  35|0x0000000707c00000, 0x0000000707c00000, 0x0000000707e00000|  0%| F|  |TAMS 0x0000000707c00000| PB 0x0000000707c00000| Untracked 
|  36|0x0000000707e00000, 0x0000000707e00000, 0x0000000708000000|  0%| F|  |TAMS 0x0000000707e00000| PB 0x0000000707e00000| Untracked 
|  37|0x0000000708000000, 0x0000000708000000, 0x0000000708200000|  0%| F|  |TAMS 0x0000000708000000| PB 0x0000000708000000| Untracked 
|  38|0x0000000708200000, 0x0000000708200000, 0x0000000708400000|  0%| F|  |TAMS 0x0000000708200000| PB 0x0000000708200000| Untracked 
|  39|0x0000000708400000, 0x0000000708400000, 0x0000000708600000|  0%| F|  |TAMS 0x0000000708400000| PB 0x0000000708400000| Untracked 
|  40|0x0000000708600000, 0x0000000708600000, 0x0000000708800000|  0%| F|  |TAMS 0x0000000708600000| PB 0x0000000708600000| Untracked 
|  41|0x0000000708800000, 0x0000000708800000, 0x0000000708a00000|  0%| F|  |TAMS 0x0000000708800000| PB 0x0000000708800000| Untracked 
|  42|0x0000000708a00000, 0x0000000708a00000, 0x0000000708c00000|  0%| F|  |TAMS 0x0000000708a00000| PB 0x0000000708a00000| Untracked 
|  43|0x0000000708c00000, 0x0000000708c00000, 0x0000000708e00000|  0%| F|  |TAMS 0x0000000708c00000| PB 0x0000000708c00000| Untracked 
|  44|0x0000000708e00000, 0x0000000708e00000, 0x0000000709000000|  0%| F|  |TAMS 0x0000000708e00000| PB 0x0000000708e00000| Untracked 
|  45|0x0000000709000000, 0x0000000709000000, 0x0000000709200000|  0%| F|  |TAMS 0x0000000709000000| PB 0x0000000709000000| Untracked 
|  46|0x0000000709200000, 0x0000000709200000, 0x0000000709400000|  0%| F|  |TAMS 0x0000000709200000| PB 0x0000000709200000| Untracked 
|  47|0x0000000709400000, 0x0000000709400000, 0x0000000709600000|  0%| F|  |TAMS 0x0000000709400000| PB 0x0000000709400000| Untracked 
|  48|0x0000000709600000, 0x0000000709600000, 0x0000000709800000|  0%| F|  |TAMS 0x0000000709600000| PB 0x0000000709600000| Untracked 
|  49|0x0000000709800000, 0x0000000709800000, 0x0000000709a00000|  0%| F|  |TAMS 0x0000000709800000| PB 0x0000000709800000| Untracked 
|  50|0x0000000709a00000, 0x0000000709a00000, 0x0000000709c00000|  0%| F|  |TAMS 0x0000000709a00000| PB 0x0000000709a00000| Untracked 
|  51|0x0000000709c00000, 0x0000000709c00000, 0x0000000709e00000|  0%| F|  |TAMS 0x0000000709c00000| PB 0x0000000709c00000| Untracked 
|  52|0x0000000709e00000, 0x0000000709e00000, 0x000000070a000000|  0%| F|  |TAMS 0x0000000709e00000| PB 0x0000000709e00000| Untracked 
|  53|0x000000070a000000, 0x000000070a000000, 0x000000070a200000|  0%| F|  |TAMS 0x000000070a000000| PB 0x000000070a000000| Untracked 
|  54|0x000000070a200000, 0x000000070a200000, 0x000000070a400000|  0%| F|  |TAMS 0x000000070a200000| PB 0x000000070a200000| Untracked 
|  55|0x000000070a400000, 0x000000070a400000, 0x000000070a600000|  0%| F|  |TAMS 0x000000070a400000| PB 0x000000070a400000| Untracked 
|  56|0x000000070a600000, 0x000000070a600000, 0x000000070a800000|  0%| F|  |TAMS 0x000000070a600000| PB 0x000000070a600000| Untracked 
|  57|0x000000070a800000, 0x000000070a800000, 0x000000070aa00000|  0%| F|  |TAMS 0x000000070a800000| PB 0x000000070a800000| Untracked 
|  58|0x000000070aa00000, 0x000000070aa00000, 0x000000070ac00000|  0%| F|  |TAMS 0x000000070aa00000| PB 0x000000070aa00000| Untracked 
|  59|0x000000070ac00000, 0x000000070ac00000, 0x000000070ae00000|  0%| F|  |TAMS 0x000000070ac00000| PB 0x000000070ac00000| Untracked 
|  60|0x000000070ae00000, 0x000000070ae00000, 0x000000070b000000|  0%| F|  |TAMS 0x000000070ae00000| PB 0x000000070ae00000| Untracked 
|  61|0x000000070b000000, 0x000000070b000000, 0x000000070b200000|  0%| F|  |TAMS 0x000000070b000000| PB 0x000000070b000000| Untracked 
|  62|0x000000070b200000, 0x000000070b200000, 0x000000070b400000|  0%| F|  |TAMS 0x000000070b200000| PB 0x000000070b200000| Untracked 
|  63|0x000000070b400000, 0x000000070b400000, 0x000000070b600000|  0%| F|  |TAMS 0x000000070b400000| PB 0x000000070b400000| Untracked 
|  64|0x000000070b600000, 0x000000070b600000, 0x000000070b800000|  0%| F|  |TAMS 0x000000070b600000| PB 0x000000070b600000| Untracked 
|  65|0x000000070b800000, 0x000000070b800000, 0x000000070ba00000|  0%| F|  |TAMS 0x000000070b800000| PB 0x000000070b800000| Untracked 
|  66|0x000000070ba00000, 0x000000070ba00000, 0x000000070bc00000|  0%| F|  |TAMS 0x000000070ba00000| PB 0x000000070ba00000| Untracked 
|  67|0x000000070bc00000, 0x000000070bc00000, 0x000000070be00000|  0%| F|  |TAMS 0x000000070bc00000| PB 0x000000070bc00000| Untracked 
|  68|0x000000070be00000, 0x000000070be00000, 0x000000070c000000|  0%| F|  |TAMS 0x000000070be00000| PB 0x000000070be00000| Untracked 
|  69|0x000000070c000000, 0x000000070c000000, 0x000000070c200000|  0%| F|  |TAMS 0x000000070c000000| PB 0x000000070c000000| Untracked 
|  70|0x000000070c200000, 0x000000070c200000, 0x000000070c400000|  0%| F|  |TAMS 0x000000070c200000| PB 0x000000070c200000| Untracked 
|  71|0x000000070c400000, 0x000000070c400000, 0x000000070c600000|  0%| F|  |TAMS 0x000000070c400000| PB 0x000000070c400000| Untracked 
|  72|0x000000070c600000, 0x000000070c600000, 0x000000070c800000|  0%| F|  |TAMS 0x000000070c600000| PB 0x000000070c600000| Untracked 
|  73|0x000000070c800000, 0x000000070c800000, 0x000000070ca00000|  0%| F|  |TAMS 0x000000070c800000| PB 0x000000070c800000| Untracked 
|  74|0x000000070ca00000, 0x000000070ca00000, 0x000000070cc00000|  0%| F|  |TAMS 0x000000070ca00000| PB 0x000000070ca00000| Untracked 
|  75|0x000000070cc00000, 0x000000070cc00000, 0x000000070ce00000|  0%| F|  |TAMS 0x000000070cc00000| PB 0x000000070cc00000| Untracked 
|  76|0x000000070ce00000, 0x000000070ce00000, 0x000000070d000000|  0%| F|  |TAMS 0x000000070ce00000| PB 0x000000070ce00000| Untracked 
|  77|0x000000070d000000, 0x000000070d000000, 0x000000070d200000|  0%| F|  |TAMS 0x000000070d000000| PB 0x000000070d000000| Untracked 
|  78|0x000000070d200000, 0x000000070d200000, 0x000000070d400000|  0%| F|  |TAMS 0x000000070d200000| PB 0x000000070d200000| Untracked 
|  79|0x000000070d400000, 0x000000070d400000, 0x000000070d600000|  0%| F|  |TAMS 0x000000070d400000| PB 0x000000070d400000| Untracked 
|  80|0x000000070d600000, 0x000000070d600000, 0x000000070d800000|  0%| F|  |TAMS 0x000000070d600000| PB 0x000000070d600000| Untracked 
|  81|0x000000070d800000, 0x000000070d800000, 0x000000070da00000|  0%| F|  |TAMS 0x000000070d800000| PB 0x000000070d800000| Untracked 
|  82|0x000000070da00000, 0x000000070da00000, 0x000000070dc00000|  0%| F|  |TAMS 0x000000070da00000| PB 0x000000070da00000| Untracked 
|  83|0x000000070dc00000, 0x000000070dc00000, 0x000000070de00000|  0%| F|  |TAMS 0x000000070dc00000| PB 0x000000070dc00000| Untracked 
|  84|0x000000070de00000, 0x000000070de00000, 0x000000070e000000|  0%| F|  |TAMS 0x000000070de00000| PB 0x000000070de00000| Untracked 
|  85|0x000000070e000000, 0x000000070e000000, 0x000000070e200000|  0%| F|  |TAMS 0x000000070e000000| PB 0x000000070e000000| Untracked 
|  86|0x000000070e200000, 0x000000070e200000, 0x000000070e400000|  0%| F|  |TAMS 0x000000070e200000| PB 0x000000070e200000| Untracked 
|  87|0x000000070e400000, 0x000000070e400000, 0x000000070e600000|  0%| F|  |TAMS 0x000000070e400000| PB 0x000000070e400000| Untracked 
|  88|0x000000070e600000, 0x000000070e600000, 0x000000070e800000|  0%| F|  |TAMS 0x000000070e600000| PB 0x000000070e600000| Untracked 
|  89|0x000000070e800000, 0x000000070e800000, 0x000000070ea00000|  0%| F|  |TAMS 0x000000070e800000| PB 0x000000070e800000| Untracked 
|  90|0x000000070ea00000, 0x000000070ea00000, 0x000000070ec00000|  0%| F|  |TAMS 0x000000070ea00000| PB 0x000000070ea00000| Untracked 
|  91|0x000000070ec00000, 0x000000070ec00000, 0x000000070ee00000|  0%| F|  |TAMS 0x000000070ec00000| PB 0x000000070ec00000| Untracked 
|  92|0x000000070ee00000, 0x000000070ee00000, 0x000000070f000000|  0%| F|  |TAMS 0x000000070ee00000| PB 0x000000070ee00000| Untracked 
|  93|0x000000070f000000, 0x000000070f000000, 0x000000070f200000|  0%| F|  |TAMS 0x000000070f000000| PB 0x000000070f000000| Untracked 
|  94|0x000000070f200000, 0x000000070f200000, 0x000000070f400000|  0%| F|  |TAMS 0x000000070f200000| PB 0x000000070f200000| Untracked 
|  95|0x000000070f400000, 0x000000070f400000, 0x000000070f600000|  0%| F|  |TAMS 0x000000070f400000| PB 0x000000070f400000| Untracked 
|  96|0x000000070f600000, 0x000000070f600000, 0x000000070f800000|  0%| F|  |TAMS 0x000000070f600000| PB 0x000000070f600000| Untracked 
|  97|0x000000070f800000, 0x000000070f800000, 0x000000070fa00000|  0%| F|  |TAMS 0x000000070f800000| PB 0x000000070f800000| Untracked 
|  98|0x000000070fa00000, 0x000000070fa00000, 0x000000070fc00000|  0%| F|  |TAMS 0x000000070fa00000| PB 0x000000070fa00000| Untracked 
|  99|0x000000070fc00000, 0x000000070fc00000, 0x000000070fe00000|  0%| F|  |TAMS 0x000000070fc00000| PB 0x000000070fc00000| Untracked 
| 100|0x000000070fe00000, 0x000000070fe00000, 0x0000000710000000|  0%| F|  |TAMS 0x000000070fe00000| PB 0x000000070fe00000| Untracked 
| 101|0x0000000710000000, 0x0000000710000000, 0x0000000710200000|  0%| F|  |TAMS 0x0000000710000000| PB 0x0000000710000000| Untracked 
| 102|0x0000000710200000, 0x0000000710200000, 0x0000000710400000|  0%| F|  |TAMS 0x0000000710200000| PB 0x0000000710200000| Untracked 
| 103|0x0000000710400000, 0x0000000710400000, 0x0000000710600000|  0%| F|  |TAMS 0x0000000710400000| PB 0x0000000710400000| Untracked 
| 104|0x0000000710600000, 0x0000000710600000, 0x0000000710800000|  0%| F|  |TAMS 0x0000000710600000| PB 0x0000000710600000| Untracked 
| 105|0x0000000710800000, 0x0000000710800000, 0x0000000710a00000|  0%| F|  |TAMS 0x0000000710800000| PB 0x0000000710800000| Untracked 
| 106|0x0000000710a00000, 0x0000000710a00000, 0x0000000710c00000|  0%| F|  |TAMS 0x0000000710a00000| PB 0x0000000710a00000| Untracked 
| 107|0x0000000710c00000, 0x0000000710c00000, 0x0000000710e00000|  0%| F|  |TAMS 0x0000000710c00000| PB 0x0000000710c00000| Untracked 
| 108|0x0000000710e00000, 0x0000000710e00000, 0x0000000711000000|  0%| F|  |TAMS 0x0000000710e00000| PB 0x0000000710e00000| Untracked 
| 109|0x0000000711000000, 0x0000000711000000, 0x0000000711200000|  0%| F|  |TAMS 0x0000000711000000| PB 0x0000000711000000| Untracked 
| 110|0x0000000711200000, 0x0000000711200000, 0x0000000711400000|  0%| F|  |TAMS 0x0000000711200000| PB 0x0000000711200000| Untracked 
| 111|0x0000000711400000, 0x0000000711400000, 0x0000000711600000|  0%| F|  |TAMS 0x0000000711400000| PB 0x0000000711400000| Untracked 
| 112|0x0000000711600000, 0x0000000711600000, 0x0000000711800000|  0%| F|  |TAMS 0x0000000711600000| PB 0x0000000711600000| Untracked 
| 113|0x0000000711800000, 0x0000000711800000, 0x0000000711a00000|  0%| F|  |TAMS 0x0000000711800000| PB 0x0000000711800000| Untracked 
| 114|0x0000000711a00000, 0x0000000711a00000, 0x0000000711c00000|  0%| F|  |TAMS 0x0000000711a00000| PB 0x0000000711a00000| Untracked 
| 115|0x0000000711c00000, 0x0000000711c00000, 0x0000000711e00000|  0%| F|  |TAMS 0x0000000711c00000| PB 0x0000000711c00000| Untracked 
| 116|0x0000000711e00000, 0x0000000711e7c258, 0x0000000712000000| 24%| E|  |TAMS 0x0000000711e00000| PB 0x0000000711e00000| Complete 
| 117|0x0000000712000000, 0x0000000712200000, 0x0000000712200000|100%| E|CS|TAMS 0x0000000712000000| PB 0x0000000712000000| Complete 
| 118|0x0000000712200000, 0x0000000712400000, 0x0000000712400000|100%| E|CS|TAMS 0x0000000712200000| PB 0x0000000712200000| Complete 
| 119|0x0000000712400000, 0x0000000712600000, 0x0000000712600000|100%| E|CS|TAMS 0x0000000712400000| PB 0x0000000712400000| Complete 
| 120|0x0000000712600000, 0x0000000712800000, 0x0000000712800000|100%| E|CS|TAMS 0x0000000712600000| PB 0x0000000712600000| Complete 
| 121|0x0000000712800000, 0x0000000712a00000, 0x0000000712a00000|100%| E|  |TAMS 0x0000000712800000| PB 0x0000000712800000| Complete 
| 122|0x0000000712a00000, 0x0000000712c00000, 0x0000000712c00000|100%| E|CS|TAMS 0x0000000712a00000| PB 0x0000000712a00000| Complete 
| 123|0x0000000712c00000, 0x0000000712e00000, 0x0000000712e00000|100%| E|CS|TAMS 0x0000000712c00000| PB 0x0000000712c00000| Complete 
| 124|0x0000000712e00000, 0x0000000713000000, 0x0000000713000000|100%| E|CS|TAMS 0x0000000712e00000| PB 0x0000000712e00000| Complete 
| 125|0x0000000713000000, 0x0000000713200000, 0x0000000713200000|100%| E|CS|TAMS 0x0000000713000000| PB 0x0000000713000000| Complete 
| 126|0x0000000713200000, 0x0000000713400000, 0x0000000713400000|100%| E|CS|TAMS 0x0000000713200000| PB 0x0000000713200000| Complete 

Card table byte_map: [0x000002029a1f0000,0x000002029a9e0000] _byte_map_base: 0x00000202969d5000

Marking Bits: (CMBitMap*) 0x0000020281e40400
 Bits: [0x000002029a9e0000, 0x000002029e908000)

Polling page: 0x00000202815a0000

Metaspace:

Usage:
  Non-class:      5.06 MB used.
      Class:    261.95 KB used.
       Both:      5.32 MB used.

Virtual space:
  Non-class space:       64.00 MB reserved,       5.12 MB (  8%) committed,  1 nodes.
      Class space:        1.00 GB reserved,     320.00 KB ( <1%) committed,  1 nodes.
             Both:        1.06 GB reserved,       5.44 MB ( <1%) committed. 

Chunk freelists:
   Non-Class:  8.52 MB
       Class:  15.58 MB
        Both:  24.09 MB

MaxMetaspaceSize: unlimited
CompressedClassSpaceSize: 1.00 GB
Initial GC threshold: 21.00 MB
Current GC threshold: 21.00 MB
CDS: on
 - commit_granule_bytes: 65536.
 - commit_granule_words: 8192.
 - virtual_space_node_default_size: 8388608.
 - enlarge_chunks_in_place: 1.
 - use_allocation_guard: 0.


Internal statistics:

num_allocs_failed_limit: 0.
num_arena_births: 82.
num_arena_deaths: 0.
num_vsnodes_births: 2.
num_vsnodes_deaths: 0.
num_space_committed: 85.
num_space_uncommitted: 0.
num_chunks_returned_to_freelist: 0.
num_chunks_taken_from_freelist: 220.
num_chunk_merges: 0.
num_chunk_splits: 164.
num_chunks_enlarged: 128.
num_inconsistent_stats: 0.

CodeHeap 'non-profiled nmethods': size=120000Kb used=273Kb max_used=273Kb free=119726Kb
 bounds [0x0000020291f80000, 0x00000202921f0000, 0x00000202994b0000]
CodeHeap 'profiled nmethods': size=120000Kb used=1576Kb max_used=1576Kb free=118423Kb
 bounds [0x000002028a4b0000, 0x000002028a720000, 0x00000202919e0000]
CodeHeap 'non-nmethods': size=5760Kb used=2053Kb max_used=2070Kb free=3706Kb
 bounds [0x00000202919e0000, 0x0000020291c50000, 0x0000020291f80000]
 total_blobs=1918 nmethods=937 adapters=886
 compilation: enabled
              stopped_count=0, restarted_count=0
 full_count=0

Compilation events (20 events):
Event: 3.262 Thread 0x00000202a1642660  926       3       org.lwjgl.system.CheckIntrinsics::checkIndex (6 bytes)
Event: 3.262 Thread 0x00000202a1642660 nmethod 926 0x000002028a636b10 code [0x000002028a636cc0, 0x000002028a636e58]
Event: 3.262 Thread 0x00000202a1641960 nmethod 930 0x0000020291fc1510 code [0x0000020291fc16c0, 0x0000020291fc1920]
Event: 3.262 Thread 0x00000202a1641960  931       4       jdk.internal.util.StrongReferenceKey::hashCode (8 bytes)
Event: 3.275 Thread 0x00000202a1641960 nmethod 931 0x0000020291fc1b10 code [0x0000020291fc1d00, 0x0000020291fc2280]
Event: 3.275 Thread 0x00000202a1641960  932       4       java.lang.ref.SoftReference::get (29 bytes)
Event: 3.276 Thread 0x00000202a1641960 nmethod 932 0x0000020291fc2610 code [0x0000020291fc27a0, 0x0000020291fc28e8]
Event: 3.277 Thread 0x00000202a1641960  933       4       java.lang.invoke.MethodType::equals (25 bytes)
Event: 3.284 Thread 0x00000202a1641960 nmethod 933 0x0000020291fc2990 code [0x0000020291fc2b40, 0x0000020291fc2e10]
Event: 3.284 Thread 0x00000202a1641960  934       4       java.util.Arrays::equals (57 bytes)
Event: 3.299 Thread 0x00000202a1641960 nmethod 934 0x0000020291fc3090 code [0x0000020291fc3260, 0x0000020291fc37e8]
Event: 3.300 Thread 0x00000202a1641960  936       4       java.util.ImmutableCollections$List12::get (35 bytes)
Event: 3.301 Thread 0x00000202a1641960 nmethod 936 0x0000020291fc3c10 code [0x0000020291fc3d80, 0x0000020291fc3e38]
Event: 3.301 Thread 0x00000202a1641960  935       4       java.lang.invoke.BoundMethodHandle::<init> (32 bytes)
Event: 3.312 Thread 0x00000202a1641960 nmethod 935 0x0000020291fc3f10 code [0x0000020291fc40c0, 0x0000020291fc4540]
Event: 3.312 Thread 0x00000202a1641960  937       4       java.lang.invoke.MethodType::makeImpl (109 bytes)
Event: 3.358 Thread 0x00000202a1642660  939   !   3       java.util.zip.ZipFile::getInputStream (275 bytes)
Event: 3.360 Thread 0x00000202a1642660 nmethod 939 0x000002028a636f90 code [0x000002028a6372a0, 0x000002028a6384d0]
Event: 3.360 Thread 0x00000202a1642660  940       3       java.util.zip.ZipFile$ZipFileInputStream::<init> (96 bytes)
Event: 3.361 Thread 0x00000202a1642660 nmethod 940 0x000002028a639010 code [0x000002028a639240, 0x000002028a639cc0]

GC Heap History (0 events):
No events

Dll operation events (10 events):
Event: 0.033 Loaded shared library C:\Program Files\Eclipse Adoptium\jdk-21.0.4.7-hotspot\bin\java.dll
Event: 0.037 Loaded shared library C:\Program Files\Eclipse Adoptium\jdk-21.0.4.7-hotspot\bin\zip.dll
Event: 0.099 Loaded shared library C:\Program Files\Eclipse Adoptium\jdk-21.0.4.7-hotspot\bin\jsvml.dll
Event: 0.643 Loaded shared library C:\Program Files\Eclipse Adoptium\jdk-21.0.4.7-hotspot\bin\instrument.dll
Event: 0.764 Loaded shared library C:\Program Files\Eclipse Adoptium\jdk-21.0.4.7-hotspot\bin\net.dll
Event: 0.767 Loaded shared library C:\Program Files\Eclipse Adoptium\jdk-21.0.4.7-hotspot\bin\nio.dll
Event: 0.799 Loaded shared library C:\Program Files\Eclipse Adoptium\jdk-21.0.4.7-hotspot\bin\zip.dll
Event: 0.898 Loaded shared library C:\Program Files\Eclipse Adoptium\jdk-21.0.4.7-hotspot\bin\jimage.dll
Event: 1.181 Loaded shared library C:\Users\Windows\AppData\Local\Temp\lwjglWindows\3.2.3-build-13\lwjgl.dll
Event: 2.029 Loaded shared library C:\Users\Windows\AppData\Local\Temp\lwjglWindows\3.2.3-build-13\lwjgl_opengl.dll

Deoptimization events (20 events):
Event: 0.699 Thread 0x0000020281dd9680 Uncommon trap: trap_request=0xffffff45 fr.pc=0x0000020291f90804 relative=0x00000000000000e4
Event: 0.699 Thread 0x0000020281dd9680 Uncommon trap: reason=unstable_if action=reinterpret pc=0x0000020291f90804 method=java.lang.String.isLatin1()Z @ 10 c2
Event: 0.699 Thread 0x0000020281dd9680 DEOPT PACKING pc=0x0000020291f90804 sp=0x000000c9038ff330
Event: 0.699 Thread 0x0000020281dd9680 DEOPT UNPACKING pc=0x0000020291a346a2 sp=0x000000c9038ff280 mode 2
Event: 0.947 Thread 0x0000020281dd9680 DEOPT PACKING pc=0x000002028a4c63f3 sp=0x000000c9038fa1b0
Event: 0.947 Thread 0x0000020281dd9680 DEOPT UNPACKING pc=0x0000020291a34e42 sp=0x000000c9038f95d0 mode 0
Event: 1.081 Thread 0x0000020281dd9680 DEOPT PACKING pc=0x000002028a4b92d4 sp=0x000000c9038fb870
Event: 1.081 Thread 0x0000020281dd9680 DEOPT UNPACKING pc=0x0000020291a34e42 sp=0x000000c9038facd8 mode 0
Event: 2.429 Thread 0x0000020281dd9680 Uncommon trap: trap_request=0xffffff3d fr.pc=0x0000020291fb16f0 relative=0x0000000000000dd0
Event: 2.429 Thread 0x0000020281dd9680 Uncommon trap: reason=unstable_fused_if action=reinterpret pc=0x0000020291fb16f0 method=java.util.HashMap.resize()[Ljava/util/HashMap$Node; @ 31 c2
Event: 2.429 Thread 0x0000020281dd9680 DEOPT PACKING pc=0x0000020291fb16f0 sp=0x000000c9038fe140
Event: 2.429 Thread 0x0000020281dd9680 DEOPT UNPACKING pc=0x0000020291a346a2 sp=0x000000c9038fe0d8 mode 2
Event: 2.459 Thread 0x0000020281dd9680 Uncommon trap: trap_request=0xffffff45 fr.pc=0x0000020291f86170 relative=0x0000000000000070
Event: 2.459 Thread 0x0000020281dd9680 Uncommon trap: reason=unstable_if action=reinterpret pc=0x0000020291f86170 method=java.lang.String.isLatin1()Z @ 10 c2
Event: 2.459 Thread 0x0000020281dd9680 DEOPT PACKING pc=0x0000020291f86170 sp=0x000000c9038fed80
Event: 2.459 Thread 0x0000020281dd9680 DEOPT UNPACKING pc=0x0000020291a346a2 sp=0x000000c9038fed20 mode 2
Event: 3.105 Thread 0x0000020281dd9680 Uncommon trap: trap_request=0xffffff54 fr.pc=0x0000020291fb517c relative=0x000000000000007c
Event: 3.105 Thread 0x0000020281dd9680 Uncommon trap: reason=speculate_null_assert action=make_not_entrant pc=0x0000020291fb517c method=sun.misc.Unsafe.putLong(Ljava/lang/Object;JJ)V @ 7 c2
Event: 3.105 Thread 0x0000020281dd9680 DEOPT PACKING pc=0x0000020291fb517c sp=0x000000c9038ff2e0
Event: 3.105 Thread 0x0000020281dd9680 DEOPT UNPACKING pc=0x0000020291a346a2 sp=0x000000c9038ff278 mode 2

Classes loaded (20 events):
Event: 3.075 Loading class org/lwjgl/opengl/INTELMapTexture
Event: 3.075 Loading class org/lwjgl/opengl/INTELMapTexture done
Event: 3.078 Loading class org/lwjgl/opengl/INTELPerformanceQuery
Event: 3.078 Loading class org/lwjgl/opengl/INTELPerformanceQuery done
Event: 3.081 Loading class org/lwjgl/opengl/KHRBlendEquationAdvanced
Event: 3.081 Loading class org/lwjgl/opengl/KHRBlendEquationAdvanced done
Event: 3.083 Loading class org/lwjgl/opengl/KHRDebug
Event: 3.083 Loading class org/lwjgl/opengl/KHRDebug done
Event: 3.089 Loading class org/lwjgl/opengl/NVConditionalRender
Event: 3.089 Loading class org/lwjgl/opengl/NVConditionalRender done
Event: 3.096 Loading class org/lwjgl/opengl/NVPrimitiveRestart
Event: 3.096 Loading class org/lwjgl/opengl/NVPrimitiveRestart done
Event: 3.106 Loading class jdk/internal/reflect/MethodHandleLongFieldAccessorImpl
Event: 3.106 Loading class jdk/internal/reflect/MethodHandleLongFieldAccessorImpl done
Event: 3.108 Loading class org/lwjgl/system/CheckIntrinsics
Event: 3.108 Loading class org/lwjgl/system/CheckIntrinsics done
Event: 3.353 Loading class org/lwjgl/system/MultiReleaseMemCopy
Event: 3.353 Loading class org/lwjgl/system/MultiReleaseMemCopy done
Event: 3.358 Loading class org/lwjgl/opengl/GL11C
Event: 3.358 Loading class org/lwjgl/opengl/GL11C done

Classes unloaded (0 events):
No events

Classes redefined (0 events):
No events

Internal exceptions (20 events):
Event: 1.044 Thread 0x0000020281dd9680 Exception <a 'java/lang/NoSuchMethodError'{0x0000000712ca99b0}: 'void java.lang.invoke.DelegatingMethodHandle$Holder.delegate(java.lang.Object, java.lang.Object, int, java.lang.Object)'> (0x0000000712ca99b0) 
thrown [s\src\hotspot\share\interpreter\linkResolver.cpp, line 773]
Event: 1.047 Thread 0x0000020281dd9680 Exception <a 'java/lang/NoSuchMethodError'{0x0000000712cad6f0}: 'int java.lang.invoke.DirectMethodHandle$Holder.invokeSpecial(java.lang.Object, java.lang.Object, java.lang.Object)'> (0x0000000712cad6f0) 
thrown [s\src\hotspot\share\interpreter\linkResolver.cpp, line 773]
Event: 1.070 Thread 0x0000020281dd9680 Exception <a 'java/lang/NoSuchMethodError'{0x0000000712cc9828}: 'void java.lang.System.loadLibrary(java.lang.String, java.lang.Class)'> (0x0000000712cc9828) 
thrown [s\src\hotspot\share\interpreter\linkResolver.cpp, line 773]
Event: 1.212 Thread 0x0000020281dd9680 Exception <a 'sun/nio/fs/WindowsException'{0x0000000712d37680}> (0x0000000712d37680) 
thrown [s\src\hotspot\share\prims\jni.cpp, line 520]
Event: 1.213 Thread 0x0000020281dd9680 Exception <a 'sun/nio/fs/WindowsException'{0x0000000712d38ca8}> (0x0000000712d38ca8) 
thrown [s\src\hotspot\share\prims\jni.cpp, line 520]
Event: 1.298 Thread 0x0000020281dd9680 Exception <a 'sun/nio/fs/WindowsException'{0x0000000712a25528}> (0x0000000712a25528) 
thrown [s\src\hotspot\share\prims\jni.cpp, line 520]
Event: 1.298 Thread 0x0000020281dd9680 Exception <a 'sun/nio/fs/WindowsException'{0x0000000712a258b0}> (0x0000000712a258b0) 
thrown [s\src\hotspot\share\prims\jni.cpp, line 520]
Event: 1.313 Thread 0x0000020281dd9680 Exception <a 'java/lang/NoSuchMethodError'{0x0000000712a3a008}: 'int java.lang.invoke.Invokers$Holder.invokeExact_MT(java.lang.Object, java.lang.Object)'> (0x0000000712a3a008) 
thrown [s\src\hotspot\share\interpreter\linkResolver.cpp, line 773]
Event: 1.857 Thread 0x0000020281dd9680 Exception <a 'java/lang/NoSuchMethodError'{0x0000000712aa9c20}: 'void java.lang.invoke.DirectMethodHandle$Holder.invokeStaticInit(java.lang.Object, long, double, double)'> (0x0000000712aa9c20) 
thrown [s\src\hotspot\share\interpreter\linkResolver.cpp, line 773]
Event: 1.869 Thread 0x0000020281dd9680 Exception <a 'java/lang/NoSuchMethodError'{0x0000000712ab88c8}: 'void java.lang.invoke.DirectMethodHandle$Holder.invokeStaticInit(java.lang.Object, long, int, int, int)'> (0x0000000712ab88c8) 
thrown [s\src\hotspot\share\interpreter\linkResolver.cpp, line 773]
Event: 1.890 Thread 0x0000020281dd9680 Exception <a 'java/lang/NoSuchMethodError'{0x0000000712ad07a0}: 'void java.lang.invoke.DirectMethodHandle$Holder.invokeStaticInit(java.lang.Object, long, int, int, int, int)'> (0x0000000712ad07a0) 
thrown [s\src\hotspot\share\interpreter\linkResolver.cpp, line 773]
Event: 1.899 Thread 0x0000020281dd9680 Exception <a 'java/lang/NoSuchMethodError'{0x0000000712adc078}: 'void java.lang.invoke.DirectMethodHandle$Holder.invokeStatic(java.lang.Object, long, int, int)'> (0x0000000712adc078) 
thrown [s\src\hotspot\share\interpreter\linkResolver.cpp, line 773]
Event: 1.996 Thread 0x0000020281dd9680 Exception <a 'java/lang/NoSuchMethodError'{0x0000000712b05768}: 'void java.lang.System.load(java.lang.String, java.lang.Class)'> (0x0000000712b05768) 
thrown [s\src\hotspot\share\interpreter\linkResolver.cpp, line 773]
Event: 1.998 Thread 0x0000020281dd9680 Exception <a 'java/lang/NoSuchMethodError'{0x0000000712b081b8}: 'void java.lang.System.loadLibrary(java.lang.String, java.lang.Class)'> (0x0000000712b081b8) 
thrown [s\src\hotspot\share\interpreter\linkResolver.cpp, line 773]
Event: 2.024 Thread 0x0000020281dd9680 Exception <a 'sun/nio/fs/WindowsException'{0x0000000712b17720}> (0x0000000712b17720) 
thrown [s\src\hotspot\share\prims\jni.cpp, line 520]
Event: 2.024 Thread 0x0000020281dd9680 Exception <a 'sun/nio/fs/WindowsException'{0x0000000712b17ae0}> (0x0000000712b17ae0) 
thrown [s\src\hotspot\share\prims\jni.cpp, line 520]
Event: 2.031 Thread 0x0000020281dd9680 Exception <a 'sun/nio/fs/WindowsException'{0x0000000712b1e158}> (0x0000000712b1e158) 
thrown [s\src\hotspot\share\prims\jni.cpp, line 520]
Event: 2.031 Thread 0x0000020281dd9680 Exception <a 'sun/nio/fs/WindowsException'{0x0000000712b1e458}> (0x0000000712b1e458) 
thrown [s\src\hotspot\share\prims\jni.cpp, line 520]
Event: 3.106 Thread 0x0000020281dd9680 Exception <a 'java/lang/NoSuchMethodError'{0x000000071239d4c8}: 'long java.lang.invoke.DelegatingMethodHandle$Holder.reinvoke_L(java.lang.Object, java.lang.Object)'> (0x000000071239d4c8) 
thrown [s\src\hotspot\share\interpreter\linkResolver.cpp, line 773]
Event: 3.108 Thread 0x0000020281dd9680 Exception <a 'java/lang/NoSuchMethodError'{0x00000007123a3a28}: 'long java.lang.invoke.Invokers$Holder.invokeExact_MT(java.lang.Object, java.lang.Object, java.lang.Object)'> (0x00000007123a3a28) 
thrown [s\src\hotspot\share\interpreter\linkResolver.cpp, line 773]

ZGC Phase Switch (0 events):
No events

VM Operations (10 events):
Event: 0.193 Executing VM operation: HandshakeAllThreads (Deoptimize)
Event: 0.193 Executing VM operation: HandshakeAllThreads (Deoptimize) done
Event: 0.631 Executing VM operation: ChangeBreakpoints
Event: 0.631 Executing VM operation: ChangeBreakpoints done
Event: 0.632 Executing VM operation: ChangeBreakpoints
Event: 0.632 Executing VM operation: ChangeBreakpoints done
Event: 1.644 Executing VM operation: Cleanup
Event: 1.644 Executing VM operation: Cleanup done
Event: 2.664 Executing VM operation: Cleanup
Event: 2.665 Executing VM operation: Cleanup done

Memory protections (0 events):
No events

Nmethod flushes (0 events):
No events

Events (14 events):
Event: 0.069 Thread 0x0000020281dd9680 Thread added: 0x0000020281dd9680
Event: 0.097 Thread 0x0000020281dd9680 Thread added: 0x00000202a162ab90
Event: 0.097 Thread 0x0000020281dd9680 Thread added: 0x00000202a162b5f0
Event: 0.098 Thread 0x0000020281dd9680 Thread added: 0x00000202a1637c90
Event: 0.098 Thread 0x0000020281dd9680 Thread added: 0x00000202a1638b80
Event: 0.098 Thread 0x0000020281dd9680 Thread added: 0x00000202a16395e0
Event: 0.098 Thread 0x0000020281dd9680 Thread added: 0x00000202a163a170
Event: 0.098 Thread 0x0000020281dd9680 Thread added: 0x00000202a1641960
Event: 0.098 Thread 0x0000020281dd9680 Thread added: 0x00000202a1642660
Event: 0.178 Thread 0x0000020281dd9680 Thread added: 0x00000202a182f4c0
Event: 0.231 Thread 0x0000020281dd9680 Thread added: 0x00000202a192acb0
Event: 0.231 Thread 0x0000020281dd9680 Thread added: 0x00000202a1a47eb0
Event: 0.231 Thread 0x00000202a192acb0 Thread added: 0x00000202a1a48530
Event: 0.695 Thread 0x0000020281dd9680 Thread added: 0x00000202a19bade0


Dynamic libraries:
0x00007ff670fe0000 - 0x00007ff670fee000 	C:\Program Files\Eclipse Adoptium\jdk-21.0.4.7-hotspot\bin\java.exe
0x00007ffa534f0000 - 0x00007ffa53704000 	C:\Windows\SYSTEM32\ntdll.dll
0x00007ffa52550000 - 0x00007ffa52612000 	C:\Windows\System32\KERNEL32.DLL
0x00007ffa50f60000 - 0x00007ffa512fc000 	C:\Windows\System32\KERNELBASE.dll
0x00007ffa50ad0000 - 0x00007ffa50be1000 	C:\Windows\System32\ucrtbase.dll
0x00007ffa473c0000 - 0x00007ffa473db000 	C:\Program Files\Eclipse Adoptium\jdk-21.0.4.7-hotspot\bin\VCRUNTIME140.dll
0x00007ffa35a90000 - 0x00007ffa35aa8000 	C:\Program Files\Eclipse Adoptium\jdk-21.0.4.7-hotspot\bin\jli.dll
0x00007ffa52f70000 - 0x00007ffa5311b000 	C:\Windows\System32\USER32.dll
0x00007ffa353f0000 - 0x00007ffa3567e000 	C:\Windows\WinSxS\amd64_microsoft.windows.common-controls_6595b64144ccf1df_6.0.22621.317_none_a9434687c10c9fa2\COMCTL32.dll
0x00007ffa50930000 - 0x00007ffa50956000 	C:\Windows\System32\win32u.dll
0x00007ffa51e30000 - 0x00007ffa51ed7000 	C:\Windows\System32\msvcrt.dll
0x00007ffa51ee0000 - 0x00007ffa51f09000 	C:\Windows\System32\GDI32.dll
0x00007ffa50d80000 - 0x00007ffa50e92000 	C:\Windows\System32\gdi32full.dll
0x00007ffa50bf0000 - 0x00007ffa50c8a000 	C:\Windows\System32\msvcp_win.dll
0x00007ffa51810000 - 0x00007ffa51841000 	C:\Windows\System32\IMM32.DLL
0x00007ffa403e0000 - 0x00007ffa403ec000 	C:\Program Files\Eclipse Adoptium\jdk-21.0.4.7-hotspot\bin\vcruntime140_1.dll
0x00007ffa19fd0000 - 0x00007ffa1a05e000 	C:\Program Files\Eclipse Adoptium\jdk-21.0.4.7-hotspot\bin\msvcp140.dll
0x00007ff9f19c0000 - 0x00007ff9f2748000 	C:\Program Files\Eclipse Adoptium\jdk-21.0.4.7-hotspot\bin\server\jvm.dll
0x00007ffa524a0000 - 0x00007ffa5254e000 	C:\Windows\System32\ADVAPI32.dll
0x00007ffa516e0000 - 0x00007ffa51784000 	C:\Windows\System32\sechost.dll
0x00007ffa52e50000 - 0x00007ffa52f65000 	C:\Windows\System32\RPCRT4.dll
0x00007ffa515b0000 - 0x00007ffa51621000 	C:\Windows\System32\WS2_32.dll
0x00007ffa4f870000 - 0x00007ffa4f8bd000 	C:\Windows\SYSTEM32\POWRPROF.dll
0x00007ffa47110000 - 0x00007ffa4711a000 	C:\Windows\SYSTEM32\VERSION.dll
0x00007ffa471b0000 - 0x00007ffa471e4000 	C:\Windows\SYSTEM32\WINMM.dll
0x00007ffa4f850000 - 0x00007ffa4f863000 	C:\Windows\SYSTEM32\UMPDC.dll
0x00007ffa4faa0000 - 0x00007ffa4fab8000 	C:\Windows\SYSTEM32\kernel.appcore.dll
0x00007ffa3a5c0000 - 0x00007ffa3a5ca000 	C:\Program Files\Eclipse Adoptium\jdk-21.0.4.7-hotspot\bin\jimage.dll
0x00007ffa4efe0000 - 0x00007ffa4f20e000 	C:\Windows\SYSTEM32\DBGHELP.DLL
0x00007ffa51aa0000 - 0x00007ffa51e29000 	C:\Windows\System32\combase.dll
0x00007ffa514c0000 - 0x00007ffa51597000 	C:\Windows\System32\OLEAUT32.dll
0x00007ffa37320000 - 0x00007ffa37352000 	C:\Windows\SYSTEM32\dbgcore.DLL
0x00007ffa50c90000 - 0x00007ffa50d0b000 	C:\Windows\System32\bcryptPrimitives.dll
0x00007ffa180f0000 - 0x00007ffa1812c000 	C:\Program Files\Eclipse Adoptium\jdk-21.0.4.7-hotspot\bin\jdwp.dll
0x00007ffa35a60000 - 0x00007ffa35a6f000 	C:\Program Files\Eclipse Adoptium\jdk-21.0.4.7-hotspot\bin\instrument.dll
0x00007ffa304a0000 - 0x00007ffa304bf000 	C:\Program Files\Eclipse Adoptium\jdk-21.0.4.7-hotspot\bin\java.dll
0x00007ffa30480000 - 0x00007ffa30498000 	C:\Program Files\Eclipse Adoptium\jdk-21.0.4.7-hotspot\bin\zip.dll
0x00007ffa52670000 - 0x00007ffa52e4b000 	C:\Windows\System32\SHELL32.dll
0x00007ffa4e4d0000 - 0x00007ffa4ed85000 	C:\Windows\SYSTEM32\windows.storage.dll
0x00007ffa4e380000 - 0x00007ffa4e4bd000 	C:\Windows\SYSTEM32\wintypes.dll
0x00007ffa523a0000 - 0x00007ffa52491000 	C:\Windows\System32\SHCORE.dll
0x00007ffa53200000 - 0x00007ffa5325e000 	C:\Windows\System32\shlwapi.dll
0x00007ffa50860000 - 0x00007ffa50881000 	C:\Windows\SYSTEM32\profapi.dll
0x00007ffa19ef0000 - 0x00007ffa19fc7000 	C:\Program Files\Eclipse Adoptium\jdk-21.0.4.7-hotspot\bin\jsvml.dll
0x00007ffa47350000 - 0x00007ffa4735b000 	C:\Program Files\Eclipse Adoptium\jdk-21.0.4.7-hotspot\bin\dt_socket.dll
0x00007ffa4f5b0000 - 0x00007ffa4f5dd000 	C:\Windows\SYSTEM32\IPHLPAPI.DLL
0x00007ffa4ff00000 - 0x00007ffa4ff69000 	C:\Windows\system32\mswsock.dll
0x00007ffa35a50000 - 0x00007ffa35a60000 	C:\Program Files\Eclipse Adoptium\jdk-21.0.4.7-hotspot\bin\net.dll
0x00007ffa4a690000 - 0x00007ffa4a7bf000 	C:\Windows\SYSTEM32\WINHTTP.dll
0x00007ffa19ed0000 - 0x00007ffa19ee6000 	C:\Program Files\Eclipse Adoptium\jdk-21.0.4.7-hotspot\bin\nio.dll
0x00007ffa25350000 - 0x00007ffa253b4000 	C:\Users\Windows\AppData\Local\Temp\lwjglWindows\3.2.3-build-13\lwjgl.dll
0x00007ffa108f0000 - 0x00007ffa10952000 	C:\Users\Windows\AppData\Local\Temp\lwjglWindows\3.2.3-build-13\glfw.dll
0x00007ffa4da30000 - 0x00007ffa4dadb000 	C:\Windows\system32\uxtheme.dll
0x00007ff9fd820000 - 0x00007ff9fd866000 	C:\Windows\SYSTEM32\dinput8.dll
0x00007ffa3ff70000 - 0x00007ffa3ff81000 	C:\Windows\SYSTEM32\xinput1_4.dll
0x00007ffa505d0000 - 0x00007ffa505fc000 	C:\Windows\SYSTEM32\DEVOBJ.dll
0x00007ffa50600000 - 0x00007ffa5064f000 	C:\Windows\SYSTEM32\cfgmgr32.dll
0x00007ffa4def0000 - 0x00007ffa4df1b000 	C:\Windows\SYSTEM32\dwmapi.dll
0x00007ffa35c90000 - 0x00007ffa35e91000 	C:\Windows\SYSTEM32\inputhost.dll
0x00007ffa4d3e0000 - 0x00007ffa4d513000 	C:\Windows\SYSTEM32\CoreMessaging.dll
0x00007ffa53370000 - 0x00007ffa5348e000 	C:\Windows\System32\MSCTF.dll
0x00007ffa50160000 - 0x00007ffa5016c000 	C:\Windows\SYSTEM32\CRYPTBASE.DLL
0x00007ffa4f260000 - 0x00007ffa4f26e000 	C:\Windows\SYSTEM32\HID.DLL
0x00007ffa51f20000 - 0x00007ffa52394000 	C:\Windows\System32\SETUPAPI.DLL
0x00007ffa50d10000 - 0x00007ffa50d79000 	C:\Windows\System32\WINTRUST.dll
0x00007ffa50960000 - 0x00007ffa50ac6000 	C:\Windows\System32\CRYPT32.dll
0x00007ffa50650000 - 0x00007ffa50662000 	C:\Windows\SYSTEM32\MSASN1.dll
0x00007ffa2a860000 - 0x00007ffa2a960000 	C:\Windows\SYSTEM32\opengl32.dll
0x00007ffa30260000 - 0x00007ffa3028d000 	C:\Windows\SYSTEM32\GLU32.dll
0x00007ffa4dbc0000 - 0x00007ffa4dbf6000 	C:\Windows\SYSTEM32\dxcore.dll
0x00007ffa4a600000 - 0x00007ffa4a649000 	C:\Windows\SYSTEM32\directxdatabasehelper.dll
0x00007ffa51630000 - 0x00007ffa516e0000 	C:\Windows\System32\clbcatq.dll
0x00007ff9dac40000 - 0x00007ff9dbce5000 	C:\Windows\System32\DriverStore\FileRepository\iigd_dch.inf_amd64_58ee72dee7989949\ig9icd64.dll
0x00007ffa51850000 - 0x00007ffa519ec000 	C:\Windows\System32\ole32.dll
0x00007ffa4dc00000 - 0x00007ffa4dcf7000 	C:\Windows\system32\dxgi.dll
0x00007ff9fd100000 - 0x00007ff9fd22c000 	C:\Windows\System32\DriverStore\FileRepository\iigd_dch.inf_amd64_58ee72dee7989949\igdml64.dll
0x00007ffa45e00000 - 0x00007ffa46209000 	C:\Windows\System32\DriverStore\FileRepository\iigd_dch.inf_amd64_58ee72dee7989949\igdgmm64.dll
0x00007ffa42660000 - 0x00007ffa45df6000 	C:\Windows\System32\DriverStore\FileRepository\iigd_dch.inf_amd64_58ee72dee7989949\igc64.dll
0x00007ffa329b0000 - 0x00007ffa32add000 	C:\Windows\SYSTEM32\textinputframework.dll
0x00007ffa49800000 - 0x00007ffa49b6c000 	C:\Windows\SYSTEM32\CoreUIComponents.dll
0x00007ff9fd0a0000 - 0x00007ff9fd0f9000 	C:\Users\Windows\AppData\Local\Temp\lwjglWindows\3.2.3-build-13\lwjgl_opengl.dll

dbghelp: loaded successfully - version: 4.0.5 - missing functions: none
symbol engine: initialized successfully - sym options: 0x614 - pdb path: .;C:\Program Files\Eclipse Adoptium\jdk-21.0.4.7-hotspot\bin;C:\Windows\SYSTEM32;C:\Windows\WinSxS\amd64_microsoft.windows.common-controls_6595b64144ccf1df_6.0.22621.317_none_a9434687c10c9fa2;C:\Program Files\Eclipse Adoptium\jdk-21.0.4.7-hotspot\bin\server;C:\Users\Windows\AppData\Local\Temp\lwjglWindows\3.2.3-build-13;C:\Windows\System32\DriverStore\FileRepository\iigd_dch.inf_amd64_58ee72dee7989949

VM Arguments:
jvm_args: -Ddebugger.agent.enable.coroutines=true -Dkotlinx.coroutines.debug.enable.creation.stack.trace=false -agentlib:jdwp=transport=dt_socket,server=n,suspend=y,address=127.0.0.1:55079 -javaagent:C:\Users\Windows\AppData\Local\JetBrains\IntelliJIdea2024.2\captureAgent\debugger-agent.jar -Dfile.encoding=UTF-8 -Duser.country=US -Duser.language=en -Duser.variant 
java_command: Main java.library.path=libs
java_class_path (initial): D:\project\build\classes\java\main;D:\project\build\resources\main;C:\Users\Windows\.gradle\caches\modules-2\files-2.1\io.github.spair\imgui-java-lwjgl3\1.81.0\6c92680fc6e9951532445ecc35b44f2d4cd82d76\imgui-java-lwjgl3-1.81.0.jar;C:\Users\Windows\.gradle\caches\modules-2\files-2.1\io.github.spair\imgui-java-binding\1.81.0\aa24c1101600b47d2f562ad3c8987b14e79e5d0d\imgui-java-binding-1.81.0.jar;C:\Users\Windows\.gradle\caches\modules-2\files-2.1\com.google.code.gson\gson\2.11.0\527175ca6d81050b53bdd4c457a6d6e017626b0e\gson-2.11.0.jar;C:\Users\Windows\.gradle\caches\modules-2\files-2.1\org.lwjgl\lwjgl-assimp\3.2.3\f62aa07a20afbdd3097efc296c4841e0d29700eb\lwjgl-assimp-3.2.3.jar;C:\Users\Windows\.gradle\caches\modules-2\files-2.1\org.lwjgl\lwjgl-assimp\3.2.3\4e60aeb75f0343c4a9ede4ef8b6b32ca702a00a3\lwjgl-assimp-3.2.3-natives-windows.jar;C:\Users\Windows\.gradle\caches\modules-2\files-2.1\org.lwjgl\lwjgl-glfw\3.2.3\5e520d5c290c8b012545a8d34fa5db5ab051ea53\lwjgl-glfw-3.2.3.jar;C:\Users\Windows\.gradle\caches\modules-2\files-2.1\org.lwjgl\lwjgl-glfw\3.2.3\b4d8a3477cdc2edcf7a5f1e822926be846223f54\lwjgl-glfw-3.2.3-natives-windows.jar;C:\Users\Windows\.gradle\caches\modules-2\files-2.1\org.lwjgl\lwjgl-nfd\3.2.3\c44fee1043c022cf6614a28872d44cf114ca7737\lwjgl-nfd-3.2.3.jar;C:\Users\Windows\.gradle\caches\modules-2\files-2.1\org.lwjgl\lwjgl-nfd\3.2.3\32782f5f5c57769efb82af864e70b819c77bc891\lwjgl-nfd-3.2.3-natives-windows.jar;C:\Users\Windows\.gradle\caches\modules-2\files-2.1\org.lwjgl\lwjgl-openal\3.2.3\106742e805803ab9eab8e343f0fb31a3d263903c\lwjgl-openal-3.2.3.jar;C:\Users\Windows\.gradle\caches\modules-2\files-2.1\org.lwjgl\lwjgl-openal\3.2.3\ec898e8ce11b5886f4f532a1536283ef2817758d\lwjgl-openal-3.2.3-natives-windows.jar;C:\Users\Windows\.gradle\caches\modules-2\files-2.1\org.lwjgl\lwjgl-opengl\3.2.3\bdd534a323d0c8f54969b95e424b6ac8984f7d6e\lwjgl-opengl-3.2.3.jar;C:\Users\Windows\.gradle\caches\modules-2\files-2.1\org.lwjgl\lwjgl-opengl\3.2.3\e81cfc73ec8708e5e791ed770e4ec3edfc1bbab1\lwjgl-opengl-3.2.3-natives-windows.jar;C:\Users\Windows\.gradle\caches\modules-2\files-2.1\org.lwjgl\lwjgl-stb\3.2.3\40eccaa4fa86fc815f2e17946a392fb5fdcc286a\lwjgl-stb-3.2.3.jar;C:\Users\Windows\.gradle\caches\modules-2\files-2.1\org.lwjgl\lwjgl-stb\3.2.3\817b21ec286f0ba3dcedb56a3bd275e6a9345be9\lwjgl-stb-3.2.3-natives-windows.jar;C:\Users\Windows\.gradle\caches\modules-2\files-2.1\org.lwjgl\lwjgl\3.2.3\17a59ba0fe8d474ec9dbe0d5db40d2cfe59c4c08\lwjgl-3.2.3.jar;C:\Users\Windows\.gradle\caches\modules-2\files-2.1\org.lwjgl\lwjgl\3.2.3\27f32cd35349684745951e04388e8e00d681cdcd\lwjgl-3.2.3-natives-windows.jar;C:\Users\Windows\.gradle\caches\modules-2\files-2.1\org.joml\joml\1.9.23\2fe75c084b2c8b82dbf7106f46b9cdc444785acf\joml-1.9.23.jar;C:\Users\Windows\.gradle\caches\modules-2\files-2.1\io.github.spair\imgui-java-natives-windows\1.81.0\8359194278b89c84b416b76f2c67cad97cf56cff\imgui-java-natives-windows-1.81.0.jar;C:\Users\Windows\.gradle\caches\modules-2\files-2.1\com.google.errorprone\error_prone_annotations\2.27.0\91b2c29d8a6148b5e2e4930f070d4840e2e48e34\error_prone_annotations-2.27.0.jar
Launcher Type: SUN_STANDARD

[Global flags]
     intx CICompilerCount                          = 4                                         {product} {ergonomic}
     uint ConcGCThreads                            = 3                                         {product} {ergonomic}
     uint G1ConcRefinementThreads                  = 10                                        {product} {ergonomic}
   size_t G1HeapRegionSize                         = 2097152                                   {product} {ergonomic}
    uintx GCDrainStackTargetSize                   = 64                                        {product} {ergonomic}
   size_t InitialHeapSize                          = 266338304                                 {product} {ergonomic}
   size_t MarkStackSize                            = 4194304                                   {product} {ergonomic}
   size_t MaxHeapSize                              = 4238344192                                {product} {ergonomic}
   size_t MaxNewSize                               = 2541748224                                {product} {ergonomic}
   size_t MinHeapDeltaBytes                        = 2097152                                   {product} {ergonomic}
   size_t MinHeapSize                              = 8388608                                   {product} {ergonomic}
    uintx NonNMethodCodeHeapSize                   = 5839372                                {pd product} {ergonomic}
    uintx NonProfiledCodeHeapSize                  = 122909434                              {pd product} {ergonomic}
    uintx ProfiledCodeHeapSize                     = 122909434                              {pd product} {ergonomic}
    uintx ReservedCodeCacheSize                    = 251658240                              {pd product} {ergonomic}
     bool SegmentedCodeCache                       = true                                      {product} {ergonomic}
   size_t SoftMaxHeapSize                          = 4238344192                             {manageable} {ergonomic}
     bool UseCompressedOops                        = true                           {product lp64_product} {ergonomic}
     bool UseG1GC                                  = true                                      {product} {ergonomic}
     bool UseLargePagesIndividualAllocation        = false                                  {pd product} {ergonomic}

Logging:
Log output configuration:
 #0: stdout all=warning uptime,level,tags foldmultilines=false
 #1: stderr all=off uptime,level,tags foldmultilines=false

Environment Variables:
PATH=C:\Program Files\Eclipse Adoptium\jdk-21.0.4.7-hotspot\bin;C:\Windows\system32;C:\Windows;C:\Windows\System32\Wbem;C:\Windows\System32\WindowsPowerShell\v1.0\;C:\Windows\System32\OpenSSH\;C:\Program Files\dotnet\;C:\Program Files (x86)\NVIDIA Corporation\PhysX\Common;C:\Program Files\Microsoft SQL Server\150\Tools\Binn\;C:\Program Files\Git\cmd;C:\Program Files\nodejs\;C:\Program Files\CMake\bin;C:\Program Files (x86)\Windows Kits\10\Windows Performance Toolkit\;C:\Users\Windows\AppData\Local\Microsoft\WindowsApps;D:\Microsoft VS Code\bin;C:\Users\Windows\AppData\Roaming\npm;D:\IntelliJ IDEA 2024.2.4\bin;
USERNAME=Windows
OS=Windows_NT
PROCESSOR_IDENTIFIER=Intel64 Family 6 Model 158 Stepping 13, GenuineIntel
TMP=C:\Users\Windows\AppData\Local\Temp
TEMP=C:\Users\Windows\AppData\Local\Temp




Periodic native trim disabled

---------------  S Y S T E M  ---------------

OS:
 Windows 11 , 64 bit Build 22621 (10.0.22621.457)
OS uptime: 1 days 3:07 hours

CPU: total 12 (initial active 12) (6 cores per cpu, 2 threads per core) family 6 model 158 stepping 13 microcode 0xf4, cx8, cmov, fxsr, ht, mmx, 3dnowpref, sse, sse2, sse3, ssse3, sse4.1, sse4.2, popcnt, lzcnt, tsc, tscinvbit, avx, avx2, aes, erms, clmul, bmi1, bmi2, adx, fma, vzeroupper, clflush, clflushopt, rdtscp, f16c
Processor Information for all 12 processors :
  Max Mhz: 2592, Current Mhz: 2592, Mhz Limit: 2592

Memory: 4k page, system-wide physical 16166M (4470M free)
TotalPageFile size 20503M (AvailPageFile size 6418M)
current process WorkingSet (physical memory assigned to process): 133M, peak: 133M
current process commit charge ("private bytes"): 368M, peak: 368M

vm_info: OpenJDK 64-Bit Server VM (21.0.4+7-LTS) for windows-amd64 JRE (21.0.4+7-LTS), built on 2024-07-16T00:00:00Z by "admin" with MS VC++ 17.7 (VS2022)

END.
